<?xml version="1.0" encoding="UTF-8"?>
<testsuite xmlns:xsi="http://www.w3.org/2001/XMLSchema-instance" xsi:noNamespaceSchemaLocation="https://maven.apache.org/surefire/maven-surefire-plugin/xsd/surefire-test-report-3.0.xsd" version="3.0" name="tek.dragons.cucumber.runner.TestRunner" time="10.098" tests="2" errors="1" skipped="0" failures="0">
  <properties>
[...]
</properties>
  <testcase name="Verify user can search playstation under electronics" classname="Retail Home Page" time="5.377">
    <error message="Cannot locate option with text: Electronics&#10;For documentation on this error, please visit: https://selenium.dev/exceptions/#no_such_element&#10;Build info: version: &apos;4.4.0&apos;, revision: &apos;e5c75ed026a&apos;&#10;System info: host: &apos;MacBook-Pro.fios-router.home&apos;, ip: &apos;fe80:0:0:0:14ce:cf3d:2ee6:596e%en0&apos;, os.name: &apos;Mac OS X&apos;, os.arch: &apos;x86_64&apos;, os.version: &apos;13.2.1&apos;, java.version: &apos;17.0.5&apos;&#10;Driver info: driver.version: unknown" type="org.openqa.selenium.NoSuchElementException"><![CDATA[org.openqa.selenium.NoSuchElementException: 
Cannot locate option with text: Electronics
For documentation on this error, please visit: https://selenium.dev/exceptions/#no_such_element
Build info: version: '4.4.0', revision: 'e5c75ed026a'
System info: host: 'MacBook-Pro.fios-router.home', ip: 'fe80:0:0:0:14ce:cf3d:2ee6:596e%en0', os.name: 'Mac OS X', os.arch: 'x86_64', os.version: '13.2.1', java.version: '17.0.5'
Driver info: driver.version: unknown
	at org.openqa.selenium.support.ui.Select.selectByVisibleText(Select.java:151)
	at tek.dragons.cucumber.utilities.CommonUtility.selectByVisibleText(CommonUtility.java:103)
	at tek.dragons.cucumber.steps.HomeSteps.userChangesCategoryTo(HomeSteps.java:34)
	at ✽.User changes category to 'Electronics'(classpath:features/Home.feature:9)
]]></error>
    <system-out><![CDATA[
@test
Scenario: Verify user can search playstation under electronics # features/Home.feature:8
 INFO [main] (HomeSteps.java:23)- Tekschool logo is present
  Given User is on retail website home page                    # tek.dragons.cucumber.steps.HomeSteps.userIsOnRetailWebsiteHomePage()
 INFO [main] (HomeSteps.java:30)- Expected and Actual Page Title are sameReact App
  Then User verify retail website title                        # tek.dragons.cucumber.steps.HomeSteps.userVerifyRetailWebsiteTitle()
  When User changes category to 'Electronics'                  # tek.dragons.cucumber.steps.HomeSteps.userChangesCategoryTo(java.lang.String)
      org.openqa.selenium.NoSuchElementException: Cannot locate option with text: Electronics
For documentation on this error, please visit: https://selenium.dev/exceptions/#no_such_element
Build info: version: '4.4.0', revision: 'e5c75ed026a'
System info: host: 'MacBook-Pro.fios-router.home', ip: 'fe80:0:0:0:14ce:cf3d:2ee6:596e%en0', os.name: 'Mac OS X', os.arch: 'x86_64', os.version: '13.2.1', java.version: '17.0.5'
Driver info: driver.version: unknown
	at org.openqa.selenium.support.ui.Select.selectByVisibleText(Select.java:151)
	at tek.dragons.cucumber.utilities.CommonUtility.selectByVisibleText(CommonUtility.java:103)
	at tek.dragons.cucumber.steps.HomeSteps.userChangesCategoryTo(HomeSteps.java:34)
	at ✽.User changes category to 'Electronics'(classpath:features/Home.feature:9)

  And User enter name item name 'Playstation'                  # tek.dragons.cucumber.steps.HomeSteps.userEnterNameItemName(java.lang.String)
  And User click on search button                              # tek.dragons.cucumber.steps.HomeSteps.userClickOnSearchButton()
  Then Item should be present on the page                      # tek.dragons.cucumber.steps.HomeSteps.itemShouldBePresentOnThePage()

    Embedding Verify user can search playstation under electronics scenario failed [image/png 2071669 bytes]

]]></system-out>
    <system-err><![CDATA[SLF4J: Failed to load class "org.slf4j.impl.StaticLoggerBinder".
SLF4J: Defaulting to no-operation (NOP) logger implementation
SLF4J: See http://www.slf4j.org/codes.html#StaticLoggerBinder for further details.
ERROR StatusLogger Log4j2 could not find a logging implementation. Please add log4j-core to the classpath. Using SimpleLogger to log to the console...
1682028090868	geckodriver	INFO	Listening on 127.0.0.1:55796
1682028091180	mozrunner::runner	INFO	Running command: "/Applications/Firefox.app/Contents/MacOS/firefox-bin" "--marionette" "--remote-debugging-port" "56259" "--remote-allow-hosts" "localhost" "--remote-allow-origins" "http://localhost:56259/" "-foreground" "-no-remote" "-profile" "/var/folders/k_/5mdnp4hn5x9_tnt88yw2z3nh0000gq/T/rust_mozprofileujFm93"
1682028091658	Marionette	INFO	Marionette enabled
1682028091747	Marionette	INFO	Listening on port 51745
Read port: 51745
WebDriver BiDi listening on ws://127.0.0.1:56259
1682028091902	RemoteAgent	WARN	TLS certificate errors will be ignored for this session
console.warn: SearchSettings: "get: No settings file exists, new profile?" (new NotFoundError("Could not open the file at /var/folders/k_/5mdnp4hn5x9_tnt88yw2z3nh0000gq/T/rust_mozprofileujFm93/search.json.mozlz4", (void 0)))
DevTools listening on ws://127.0.0.1:56259/devtools/browser/5285e819-fbc5-49ac-ab0d-901dd6f1b925
Apr 20, 2023 6:01:33 PM org.openqa.selenium.remote.ProtocolHandshake createSession
INFO: Detected upstream dialect: W3C
1682028094518	Marionette	INFO	Stopped listening on port 51745
JavaScript error: resource://services-settings/Utils.jsm, line 230: TypeError: NetworkError: Network request failed
]]></system-err>
  </testcase>
  <testcase name="Verify user can shop by category" classname="Retail Home Page" time="3.694">
    <system-out><![CDATA[
@test @smokeTest
Scenario: Verify user can shop by category              # features/Home.feature:15
 INFO [main] (HomeSteps.java:23)- Tekschool logo is present
  Given User is on retail website home page             # tek.dragons.cucumber.steps.HomeSteps.userIsOnRetailWebsiteHomePage()
 INFO [main] (HomeSteps.java:30)- Expected and Actual Page Title are sameReact App
  Then User verify retail website title                 # tek.dragons.cucumber.steps.HomeSteps.userVerifyRetailWebsiteTitle()
 INFO [main] (HomeSteps.java:56)- Shop By Category: is present
  Then User see the title 'Shop By Category' is present # tek.dragons.cucumber.steps.HomeSteps.userSeeTheTitleIsPresent(java.lang.String)
]]></system-out>
    <system-err><![CDATA[1682028095077	geckodriver	INFO	Listening on 127.0.0.1:52826
1682028095106	mozrunner::runner	INFO	Running command: "/Applications/Firefox.app/Contents/MacOS/firefox-bin" "--marionette" "--remote-debugging-port" "56055" "--remote-allow-hosts" "localhost" "--remote-allow-origins" "http://localhost:56055/" "-foreground" "-no-remote" "-profile" "/var/folders/k_/5mdnp4hn5x9_tnt88yw2z3nh0000gq/T/rust_mozprofileQiLyff"
1682028095518	Marionette	INFO	Marionette enabled
1682028095724	Marionette	INFO	Listening on port 51876
Read port: 51876
WebDriver BiDi listening on ws://127.0.0.1:56055
1682028095843	RemoteAgent	WARN	TLS certificate errors will be ignored for this session
console.warn: SearchSettings: "get: No settings file exists, new profile?" (new NotFoundError("Could not open the file at /var/folders/k_/5mdnp4hn5x9_tnt88yw2z3nh0000gq/T/rust_mozprofileQiLyff/search.json.mozlz4", (void 0)))
DevTools listening on ws://127.0.0.1:56055/devtools/browser/84f956c5-7a14-45bf-a00e-b5d9c0766f38
Apr 20, 2023 6:01:37 PM org.openqa.selenium.remote.ProtocolHandshake createSession
INFO: Detected upstream dialect: W3C
1682028097609	Marionette	INFO	Stopped listening on port 51876
JavaScript error: resource://services-settings/Utils.jsm, line 230: TypeError: NetworkError: Network request failed
]]></system-err>
  </testcase>
</testsuite>